2024-02-04 23:42:26,395:binance_api:INFO:calling get_ad_detail
2024-02-04 23:42:28,393:binance_api:INFO:calling get_ad_detail
2024-02-04 23:42:30,397:binance_api:INFO:calling get_ad_detail
2024-02-04 23:42:32,383:binance_api:INFO:calling get_ad_detail
2024-02-04 23:42:34,398:binance_api:INFO:calling get_ad_detail
2024-02-04 23:42:36,390:binance_api:INFO:calling get_ad_detail
2024-02-04 23:42:38,398:binance_api:INFO:calling get_ad_detail
2024-02-04 23:42:40,406:binance_api:INFO:calling get_ad_detail
2024-02-04 23:42:40,680:binance_api:INFO:calling fetch_ads_search
2024-02-04 23:42:41,173:binance_update_ads:ERROR:Ads data list for asset_type BTC, fiat USD, and transAmount 998.0 is not valid.
2024-02-04 23:42:46,178:binance_api:INFO:calling fetch_ads_search
2024-02-04 23:42:47,160:binance_update_ads:INFO:Base Price: 733718.7
2024-02-04 23:42:49,160:binance_update_ads:INFO:Base Price: 733718.7
2024-02-04 23:42:56,172:binance_api:INFO:calling fetch_ads_search
2024-02-04 23:42:57,067:binance_update_ads:INFO:Base Price: 17.17
2024-02-04 23:42:59,081:binance_update_ads:INFO:Base Price: 17.17
2024-02-04 23:43:06,095:binance_api:INFO:calling fetch_ads_search
2024-02-04 23:43:06,977:binance_api:INFO:calling get_ad_detail
2024-02-04 23:43:07,371:binance_api:ERROR:API call to 'post https://api.binance.com/sapi/v1/c2c/ads/getDetailByNo' with payload '{'adsNo': '12578447747234050048', 'timestamp': 170...' failed with status code 400: {"code":500000001,"msg":"You have entered incomplete information. Please update the data."}
2024-02-04 23:43:07,371:binance_update_ads:ERROR:Failed to get details for ad number 12578447747234050048
2024-02-04 23:43:09,378:binance_api:INFO:calling get_ad_detail
2024-02-04 23:43:09,998:binance_update_ads:INFO:Base Price: 1.0
