2023-10-14 14:16:02,622:__main__:INFO:Inside async_create_connection function
2023-10-14 14:40:23,244:__main__:INFO:Inside async_create_connection function
2023-10-14 14:48:01,057:__main__:INFO:Inside async_create_connection function
2023-10-14 15:38:55,148:__main__:INFO:Inside async_create_connection function
2023-10-14 15:39:05,806:__main__:INFO:Inside async_create_connection function
2023-10-14 15:48:06,680:__main__:INFO:Inside async_create_connection function
2023-10-14 15:50:09,509:__main__:INFO:Inside async_create_connection function
2023-10-14 15:52:33,400:__main__:INFO:Inside async_create_connection function
2023-10-14 15:54:24,133:__main__:INFO:Inside async_create_connection function
2023-10-14 15:56:57,352:__main__:INFO:Inside async_create_connection function
2023-10-14 16:01:22,024:__main__:INFO:Inside async_create_connection function
2023-10-14 16:06:43,321:__main__:INFO:Inside async_create_connection function
2023-10-14 16:19:40,120:__main__:INFO:Inside async_create_connection function
2023-10-14 16:21:09,305:__main__:INFO:Inside async_create_connection function
2023-10-14 16:21:24,996:__main__:INFO:Inside async_create_connection function
2023-10-14 16:22:09,703:__main__:INFO:Inside async_create_connection function
2023-10-14 16:22:16,272:__main__:INFO:Inside async_create_connection function
2023-10-14 16:22:52,193:__main__:INFO:Inside async_create_connection function
2023-10-14 16:24:49,049:__main__:INFO:Inside async_create_connection function
2023-10-14 16:25:51,540:__main__:INFO:Inside async_create_connection function
2023-10-14 16:32:25,305:__main__:INFO:Inside async_create_connection function
2023-10-14 16:32:32,618:__main__:INFO:Inside async_create_connection function
2023-10-14 16:34:05,422:__main__:INFO:Inside async_create_connection function
2023-10-14 17:34:14,795:__main__:INFO:Inside async_create_connection function
2023-10-14 17:54:34,924:__main__:INFO:Inside async_create_connection function
2023-10-14 18:13:23,947:__main__:INFO:Inside async_create_connection function
2023-10-14 19:16:45,636:__main__:INFO:Inside async_create_connection function
2023-10-14 20:29:17,461:__main__:INFO:Inside async_create_connection function
2023-10-14 20:50:24,393:__main__:INFO:Inside async_create_connection function
2023-10-15 01:21:41,024:__main__:INFO:Inside async_create_connection function
2023-10-15 16:21:27,073:__main__:INFO:Inside async_create_connection function
2023-10-15 20:05:21,087:__main__:INFO:Inside async_create_connection function
2023-10-15 20:08:12,683:__main__:INFO:Inside async_create_connection function
2023-10-15 20:30:46,114:__main__:INFO:Inside async_create_connection function
2023-10-15 21:01:11,226:__main__:INFO:Inside async_create_connection function
2023-10-15 21:04:16,243:__main__:INFO:Inside async_create_connection function
2023-10-15 21:23:04,303:__main__:INFO:Inside async_create_connection function
2023-10-15 22:09:47,467:__main__:INFO:Inside async_create_connection function
2023-10-15 22:10:13,016:__main__:INFO:Inside async_create_connection function
2023-10-15 22:10:47,357:__main__:INFO:Inside async_create_connection function
2023-10-15 22:13:04,887:__main__:INFO:Inside async_create_connection function
2023-10-15 22:17:44,487:__main__:INFO:Inside async_create_connection function
2023-10-15 22:19:39,465:__main__:INFO:Inside async_create_connection function
2023-10-16 13:06:36,732:__main__:INFO:Inside async_create_connection function
2023-10-16 13:06:37,058:__main__:INFO:Inside async_create_connection function
2023-10-16 20:45:08,440:__main__:INFO:Inside async_create_connection function
2023-10-16 20:46:59,928:__main__:INFO:Inside async_create_connection function
2023-10-16 22:51:39,270:__main__:INFO:Inside async_create_connection function
2023-10-16 22:52:58,772:__main__:INFO:Inside async_create_connection function
2023-10-16 22:54:16,285:__main__:INFO:Inside async_create_connection function
2023-10-16 22:54:16,618:__main__:INFO:Inside async_create_connection function
2023-10-16 22:54:28,950:__main__:INFO:Inside async_create_connection function
2023-10-16 22:58:24,584:__main__:INFO:Inside async_create_connection function
2023-10-16 23:05:14,251:__main__:INFO:Inside async_create_connection function
2023-10-16 23:09:54,853:__main__:INFO:Inside async_create_connection function
2023-10-16 23:11:41,051:__main__:INFO:Inside async_create_connection function
2023-10-16 23:39:43,228:__main__:INFO:Inside async_create_connection function
2023-10-16 23:57:18,619:__main__:INFO:Inside async_create_connection function
2023-10-17 15:34:46,569:__main__:INFO:Inside async_create_connection function
2023-10-17 22:50:47,392:__main__:INFO:Inside async_create_connection function
2023-10-18 16:17:20,965:__main__:INFO:Inside async_create_connection function
2023-10-18 18:58:13,512:__main__:INFO:Inside async_create_connection function
2023-10-18 19:07:12,656:__main__:INFO:Inside async_create_connection function
2023-10-18 19:09:20,523:__main__:INFO:Inside async_create_connection function
2023-11-15 12:53:09,804:__main__:ERROR:Database error: no such column: rfc
2023-11-15 12:54:10,948:__main__:ERROR:Database error: no such column: rfc
2023-11-15 12:58:59,318:__main__:ERROR:Database error: no such column: rfc
2023-11-15 13:00:03,099:__main__:ERROR:Database error: no such column: rfc
2023-11-15 13:01:27,044:__main__:ERROR:Database error: near ",": syntax error
2023-11-15 13:01:27,044:__main__:ERROR:Database error: no such column: rfc
2023-11-15 13:01:36,755:__main__:ERROR:Database error: near ",": syntax error
2023-11-15 13:01:36,755:__main__:ERROR:Database error: no such column: rfc
2023-12-02 17:03:36,540:__main__:INFO:Removed bank account: 058597000054265356
2024-01-01 16:55:29,565:__main__:INFO:Removed bank account: 012778015939990486
2024-01-01 17:00:57,291:__main__:INFO:Account number 710969000007300927 already exists. Skipping insertion.
2024-01-01 17:00:57,292:__main__:INFO:Account number 012778015323351288 already exists. Skipping insertion.
2024-01-01 17:00:57,292:__main__:INFO:Account number 646180146006124571 already exists. Skipping insertion.
2024-01-01 17:00:57,293:__main__:INFO:Account number 058597000056476091 already exists. Skipping insertion.
2024-01-01 17:00:57,293:__main__:INFO:Account number 710969000016348705 already exists. Skipping insertion.
2024-01-01 17:00:57,295:__main__:INFO:Account number 710969000015306104 already exists. Skipping insertion.
2024-01-01 17:00:57,295:__main__:INFO:Account number 014761655091416464 already exists. Skipping insertion.
2024-01-01 17:00:57,305:__main__:INFO:Removed bank account: 012778015939990486
2024-01-01 17:02:49,765:__main__:INFO:Removed bank account: 058597000056476091
2024-01-01 23:55:38,802:__main__:INFO:Removed bank account: 058597000056476091
2024-01-02 10:30:08,471:__main__:INFO:Removed bank account: 058597000056476091
2024-01-02 10:30:19,941:__main__:INFO:Account number 710969000007300927 already exists. Skipping insertion.
2024-01-02 10:30:19,941:__main__:INFO:Account number 012778015323351288 already exists. Skipping insertion.
2024-01-02 10:30:19,941:__main__:INFO:Account number 646180146006124571 already exists. Skipping insertion.
2024-01-02 10:30:19,941:__main__:INFO:Account number 710969000016348705 already exists. Skipping insertion.
2024-01-02 10:30:19,941:__main__:INFO:Account number 710969000015306104 already exists. Skipping insertion.
2024-01-02 10:30:19,941:__main__:INFO:Account number 058597000054265356 already exists. Skipping insertion.
2024-01-02 10:30:19,941:__main__:INFO:Account number 014761655091416464 already exists. Skipping insertion.
2024-01-02 10:30:19,960:__main__:INFO:Removed bank account: 058597000056476091
2024-01-02 10:30:51,815:__main__:INFO:Removed bank account: 012778015939990486
2024-01-05 09:37:55,320:__main__:INFO:Account number 710969000007300927 already exists. Skipping insertion.
2024-01-05 09:37:55,321:__main__:INFO:Account number 012778015323351288 already exists. Skipping insertion.
2024-01-05 09:37:55,322:__main__:INFO:Account number 646180146006124571 already exists. Skipping insertion.
2024-01-05 09:37:55,324:__main__:INFO:Account number 012778004824246573 already exists. Skipping insertion.
2024-01-05 09:37:55,324:__main__:INFO:Account number 710969000016348705 already exists. Skipping insertion.
2024-01-05 09:37:55,325:__main__:INFO:Account number 710969000015306104 already exists. Skipping insertion.
2024-01-05 09:37:55,326:__main__:INFO:Account number 058597000054265356 already exists. Skipping insertion.
2024-01-05 09:37:55,326:__main__:INFO:Account number 014761655091416464 already exists. Skipping insertion.
2024-01-05 09:37:55,339:__main__:INFO:Removed bank account: 012778004824246573
2024-01-10 13:41:27,556:__main__:INFO:Account number 710969000007300927 already exists. Skipping insertion.
2024-01-10 13:41:27,557:__main__:INFO:Account number 012778015323351288 already exists. Skipping insertion.
2024-01-10 13:41:27,557:__main__:INFO:Account number 646180146006124571 already exists. Skipping insertion.
2024-01-10 13:41:27,558:__main__:INFO:Account number 058597000056476091 already exists. Skipping insertion.
2024-01-10 13:41:27,560:__main__:INFO:Account number 710969000016348705 already exists. Skipping insertion.
2024-01-10 13:41:27,560:__main__:INFO:Account number 012778015939990486 already exists. Skipping insertion.
2024-01-10 13:41:27,561:__main__:INFO:Account number 710969000015306104 already exists. Skipping insertion.
2024-01-10 13:41:27,561:__main__:INFO:Account number 058597000054265356 already exists. Skipping insertion.
2024-01-10 13:41:27,562:__main__:INFO:Account number 014761655091416464 already exists. Skipping insertion.
2024-01-10 13:42:03,347:__main__:INFO:Removed bank account: 058597000054265356
2024-01-10 13:42:19,595:__main__:INFO:Removed bank account: 012778004824246573
2024-01-10 13:42:38,023:__main__:INFO:Removed bank account: 012778004824246573
2024-01-18 08:28:42,131:__main__:INFO:Account number 710969000007300927 already exists. Skipping insertion.
2024-01-18 08:28:42,134:__main__:INFO:Account number 012778015323351288 already exists. Skipping insertion.
2024-01-18 08:28:42,134:__main__:INFO:Account number 646180146006124571 already exists. Skipping insertion.
2024-01-18 08:28:42,135:__main__:INFO:Account number 058597000056476091 already exists. Skipping insertion.
2024-01-18 08:28:42,137:__main__:INFO:Account number 710969000016348705 already exists. Skipping insertion.
2024-01-18 08:28:42,137:__main__:INFO:Account number 012778015939990486 already exists. Skipping insertion.
2024-01-18 08:28:42,138:__main__:INFO:Account number 710969000015306104 already exists. Skipping insertion.
2024-01-18 08:28:42,138:__main__:INFO:Account number 014761655091416464 already exists. Skipping insertion.
2024-01-18 08:29:19,796:__main__:INFO:Removed bank account: 646180146006124571
2024-01-18 08:29:27,808:__main__:INFO:Account number 710969000007300927 already exists. Skipping insertion.
2024-01-18 08:29:27,809:__main__:INFO:Account number 012778015323351288 already exists. Skipping insertion.
2024-01-18 08:29:27,811:__main__:INFO:Account number 058597000056476091 already exists. Skipping insertion.
2024-01-18 08:29:27,812:__main__:INFO:Account number 012778004824246573 already exists. Skipping insertion.
2024-01-18 08:29:27,812:__main__:INFO:Account number 710969000016348705 already exists. Skipping insertion.
2024-01-18 08:29:27,812:__main__:INFO:Account number 012778015939990486 already exists. Skipping insertion.
2024-01-18 08:29:27,813:__main__:INFO:Account number 710969000015306104 already exists. Skipping insertion.
2024-01-18 08:29:27,813:__main__:INFO:Account number 058597000054265356 already exists. Skipping insertion.
2024-01-18 08:29:27,814:__main__:INFO:Account number 014761655091416464 already exists. Skipping insertion.
2024-01-18 08:29:27,814:__main__:INFO:Account number 646180204200033494 already exists. Skipping insertion.
2024-01-18 08:29:54,715:__main__:INFO:Removed bank account: 012778004824246573
2024-01-18 08:30:09,004:__main__:INFO:Removed bank account: 058597000054265356
