2023-10-09 23:12:50,458:__main__:INFO:Fetched ads from database: [{'advNo': '11531824717949116416', 'target_spot': 2, 'asset_type': 'BTC', 'price': None, 'floating_ratio': None, 'account': 'account_1'}, {'advNo': '11515582400296718336', 'target_spot': 1, 'asset_type': 'USDT', 'price': None, 'floating_ratio': None, 'account': 'account_1'}, {'advNo': '11531141756952866816', 'target_spot': 1, 'asset_type': 'BTC', 'price': None, 'floating_ratio': None, 'account': 'account_2'}, {'advNo': '11519225605560729600', 'target_spot': 3, 'asset_type': 'USDT', 'price': None, 'floating_ratio': None, 'account': 'account_2'}]
2023-10-09 23:12:51,406:__main__:INFO:Ad details fetched from BinanceAPI for advNo 11531824717949116416: {'code': '000000', 'message': 'success', 'data': {'advNo': '11531824717949116416', 'classify': 'profession', 'tradeType': 'SELL', 'asset': 'BTC', 'fiatUnit': 'MXN', 'advStatus': 1, 'priceType': 2, 'priceFloatingRatio': '102.71000000', 'rateFloatingRatio': '0.00000000', 'price': '516696.49', 'initAmount': '0.48715886', 'surplusAmount': '0.15119915', 'maxSingleTransAmount': '544135', 'minSingleTransAmount': '1500', 'buyerKycLimit': 1, 'buyerRegDaysLimit': -1, 'buyerBtcPositionLimit': '-1.00000000', 'remarks': 'NO TERCEROS\nNO EMPRESAS\nNO EFECTIVO\n\nSOLO BBVA A BBVA\n\nPara poder liberar adjunte el comprobante de pago.\n\nEn concepto solo se acepta: \nSERVICIOS DIGITALES\nSERVICIOS\nPAGO\nASESORIA\n\nEn caso de no seguir con los términos el intercambio será apelado de inmediato.', 'autoReplyMsg': '¿Le han ofrecido un trabajo, una oportunidad de inversión o una gran oferta que requiere invertir a través de Bitcoin, USDT, o alguna cripto? Lo más probable es que esté siendo víctima de un fraude. Recuerda practicar el sentido común. Si tiene alguna pregunta, comuníquese directamente con servicio al cliente de Binance, quien le dirá que no recomendamos ni trabajamos con un tercero de ningún tipo.', 'payTimeLimit': 15, 'tradeMethods': [{'payId': 35297450, 'payType': 'BBVABank', 'identifier': 'BBVABank', 'iconUrlColor': 'https://static.devfdg.net/image/admin_mgs_image_upload/20200623/287de930-9aa0-412c-90be-d4edc5118b82.png', 'tradeMethodName': 'BBVA'}], 'createTime': 1693790897000, 'advUpdateTime': 1696917440000, 'userTradeCountFilterTime': 1, 'userBuyTradeCountMin': -1, 'userBuyTradeCountMax': 1000000, 'userSellTradeCountMin': -1, 'userSellTradeCountMax': 1000000, 'userAllTradeCountMin': 2, 'userAllTradeCountMax': 1000000, 'userTradeCompleteCountMin': -1, 'userTradeCompleteRateMin': '-1.00000000', 'userTradeVolumeMin': '-1.00000000', 'userTradeVolumeMax': '1000000.00000000', 'tradableQuantity': '0.15095761', 'commissionRate': '0.0016', 'tradeMethodCommissionRateVoList': [{'tradeMethodIdentifier': 'BBVABank', 'tradeMethodName': 'BBVA', 'commissionRate': '0.0016'}], 'assetLogo': 'https://bin.bnbstatic.com/images/20191211/8fe832bb-8cd0-48a2-95ba-ebc5e9c40d4a.png', 'assetScale': 8, 'fiatScale': 2, 'priceScale': 2, 'fiatSymbol': 'Mex$'}, 'success': True}
2023-10-09 23:12:52,033:__main__:INFO:Ad details fetched from BinanceAPI for advNo 11515582400296718336: {'code': '000000', 'message': 'success', 'data': {'advNo': '11515582400296718336', 'classify': 'profession', 'tradeType': 'SELL', 'asset': 'USDT', 'fiatUnit': 'MXN', 'advStatus': 1, 'priceType': 2, 'priceFloatingRatio': '101.72000000', 'rateFloatingRatio': '0.00000000', 'price': '18.52', 'initAmount': '248320.80000000', 'surplusAmount': '1428.53000000', 'maxSingleTransAmount': '55631', 'minSingleTransAmount': '2000', 'buyerKycLimit': 1, 'buyerRegDaysLimit': -1, 'buyerBtcPositionLimit': '-1.00000000', 'remarks': 'Muchas gracias por su preferencia, haremos el intercambio lo más rápido posible buscando siempre su satisfacción \n\nNO BANCOPPEL\nNO TERCEROS\nNO EFECTIVO\nNO STP\nNO TERCEROS\nNO EMPRESA (PERSONA MORAL)\nNO STP\nNO ALBO\nNO OXXO SPIN\nNO NVIO (BITSO)\nNO BANCO AZTECA\nNO MERCADOPAGO\n\nEn concepto/referencia: Pago, pago de servicios.\n\n¿Le han ofrecido un trabajo, una oportunidad de inversión o una gran oferta que requiere invertir a través de Bitcoin, USDT, o alguna cripto? Lo más probable es que esté siendo víctima de un fraude. Recuerda practicar el sentido común. Si tiene alguna pregunta, comuníquese directamente con servicio al cliente quien le dirá que no recomendamos ni trabajamos con un tercero de ningún tipo.', 'autoReplyMsg': '¿Le han ofrecido un trabajo, una oportunidad de inversión o una gran oferta que requiere invertir a través de Bitcoin, USDT, o alguna cripto? Lo más probable es que esté siendo víctima de un fraude. Recuerda practicar el sentido común. Si tiene alguna pregunta, comuníquese directamente con servicio al cliente de Binance, quien le dirá que no recomendamos ni trabajamos con un tercero de ningún tipo.', 'payTimeLimit': 15, 'tradeMethods': [{'payId': 34391394, 'payType': 'BBVABank', 'identifier': 'BBVABank', 'iconUrlColor': 'https://static.devfdg.net/image/admin_mgs_image_upload/20200623/287de930-9aa0-412c-90be-d4edc5118b82.png', 'tradeMethodName': 'BBVA'}, {'payId': 35049917, 'payType': 'BANK', 'payAccount': '710969000016348705', 'payBank': 'NVIO', 'paySubBank': 'NO SE ACEPTA BANCO AZTECA ', 'identifier': 'BANK', 'iconUrlColor': 'https://static.devfdg.net/image/admin_mgs_image_upload/20200612/8b6fcda1-1285-486b-ad79-07156420459d.png', 'tradeMethodName': 'Bank Transfer'}, {'payId': 35049989, 'payType': 'Banorte', 'identifier': 'Banorte', 'iconUrlColor': 'https://static.devfdg.net/image/admin_mgs_image_upload/20220721/557b13b3-8bb6-4f57-8091-5dcdea3201fa.png', 'tradeMethodName': 'Banorte'}, {'payId': 35050001, 'payType': 'SantanderMexico', 'identifier': 'SantanderMexico', 'iconUrlColor': 'https://static.devfdg.net/image/admin_mgs_image_upload/20220721/64f8bb07-1c45-4356-a94f-b1e21a75fddf.png', 'tradeMethodName': 'Santander Mexico'}, {'payId': 35297477, 'payType': 'CitiBanamex', 'identifier': 'CitiBanamex', 'iconUrlColor': 'https://static.devfdg.net/image/admin_mgs_image_upload/20210826/a606af00-428c-44b8-ab4e-c263cbc08026.png', 'tradeMethodName': 'Citibanamex'}], 'createTime': 1689918427000, 'advUpdateTime': 1696913717000, 'userTradeCountFilterTime': 1, 'userBuyTradeCountMin': -1, 'userBuyTradeCountMax': 1000000, 'userSellTradeCountMin': -1, 'userSellTradeCountMax': 1000000, 'userAllTradeCountMin': 2, 'userAllTradeCountMax': 1000000, 'userTradeCompleteCountMin': -1, 'userTradeCompleteRateMin': '-1.00000000', 'userTradeVolumeMin': '-1.00000000', 'userTradeVolumeMax': '1000000.00000000', 'tradableQuantity': '1426.24800319', 'commissionRate': '0.0016', 'tradeMethodCommissionRateVoList': [{'tradeMethodIdentifier': 'BANK', 'tradeMethodName': 'Bank Transfer', 'commissionRate': '0.0016'}, {'tradeMethodIdentifier': 'Banorte', 'tradeMethodName': 'Banorte', 'commissionRate': '0.0016'}, {'tradeMethodIdentifier': 'BBVABank', 'tradeMethodName': 'BBVA', 'commissionRate': '0.0016'}, {'tradeMethodIdentifier': 'CitiBanamex', 'tradeMethodName': 'Citibanamex', 'commissionRate': '0.0016'}, {'tradeMethodIdentifier': 'SantanderMexico', 'tradeMethodName': 'Santander Mexico', 'commissionRate': '0.0016'}], 'assetLogo': 'https://bin.bnbstatic.com/images/20191212/ec1e0b6e-06f7-4963-b454-6f631a49b4d1.png', 'assetScale': 2, 'fiatScale': 2, 'priceScale': 2, 'fiatSymbol': 'Mex$'}, 'success': True}
2023-10-09 23:21:01,839:__main__:INFO:Fetched ads from database: [{'advNo': '11531824717949116416', 'target_spot': 2, 'asset_type': 'BTC', 'price': None, 'floating_ratio': None, 'account': 'account_1'}, {'advNo': '11515582400296718336', 'target_spot': 1, 'asset_type': 'USDT', 'price': None, 'floating_ratio': None, 'account': 'account_1'}, {'advNo': '11531141756952866816', 'target_spot': 1, 'asset_type': 'BTC', 'price': None, 'floating_ratio': None, 'account': 'account_2'}, {'advNo': '11519225605560729600', 'target_spot': 3, 'asset_type': 'USDT', 'price': None, 'floating_ratio': None, 'account': 'account_2'}]
2023-10-09 23:21:02,826:__main__:INFO:Ad details fetched from BinanceAPI for advNo 11531824717949116416: {'code': '000000', 'message': 'success', 'data': {'advNo': '11531824717949116416', 'classify': 'profession', 'tradeType': 'SELL', 'asset': 'BTC', 'fiatUnit': 'MXN', 'advStatus': 1, 'priceType': 2, 'priceFloatingRatio': '102.71000000', 'rateFloatingRatio': '0.00000000', 'price': '517094.60', 'initAmount': '0.48715886', 'surplusAmount': '0.15119915', 'maxSingleTransAmount': '544135', 'minSingleTransAmount': '1500', 'buyerKycLimit': 1, 'buyerRegDaysLimit': -1, 'buyerBtcPositionLimit': '-1.00000000', 'remarks': 'NO TERCEROS\nNO EMPRESAS\nNO EFECTIVO\n\nSOLO BBVA A BBVA\n\nPara poder liberar adjunte el comprobante de pago.\n\nEn concepto solo se acepta: \nSERVICIOS DIGITALES\nSERVICIOS\nPAGO\nASESORIA\n\nEn caso de no seguir con los términos el intercambio será apelado de inmediato.', 'autoReplyMsg': '¿Le han ofrecido un trabajo, una oportunidad de inversión o una gran oferta que requiere invertir a través de Bitcoin, USDT, o alguna cripto? Lo más probable es que esté siendo víctima de un fraude. Recuerda practicar el sentido común. Si tiene alguna pregunta, comuníquese directamente con servicio al cliente de Binance, quien le dirá que no recomendamos ni trabajamos con un tercero de ningún tipo.', 'payTimeLimit': 15, 'tradeMethods': [{'payId': 35297450, 'payType': 'BBVABank', 'identifier': 'BBVABank', 'iconUrlColor': 'https://static.devfdg.net/image/admin_mgs_image_upload/20200623/287de930-9aa0-412c-90be-d4edc5118b82.png', 'tradeMethodName': 'BBVA'}], 'createTime': 1693790897000, 'advUpdateTime': 1696917440000, 'userTradeCountFilterTime': 1, 'userBuyTradeCountMin': -1, 'userBuyTradeCountMax': 1000000, 'userSellTradeCountMin': -1, 'userSellTradeCountMax': 1000000, 'userAllTradeCountMin': 2, 'userAllTradeCountMax': 1000000, 'userTradeCompleteCountMin': -1, 'userTradeCompleteRateMin': '-1.00000000', 'userTradeVolumeMin': '-1.00000000', 'userTradeVolumeMax': '1000000.00000000', 'tradableQuantity': '0.15095761', 'commissionRate': '0.0016', 'tradeMethodCommissionRateVoList': [{'tradeMethodIdentifier': 'BBVABank', 'tradeMethodName': 'BBVA', 'commissionRate': '0.0016'}], 'assetLogo': 'https://bin.bnbstatic.com/images/20191211/8fe832bb-8cd0-48a2-95ba-ebc5e9c40d4a.png', 'assetScale': 8, 'fiatScale': 2, 'priceScale': 2, 'fiatSymbol': 'Mex$'}, 'success': True}
2023-10-09 23:21:02,826:ads_database:INFO:Attempting to update 11531824717949116416 with price: 517094.60, floating_ratio: 102.71000000, asset_type: BTC, target_spot: 2
2023-10-09 23:21:02,841:ads_database:INFO:Updated ad 11531824717949116416 successfully.
2023-10-09 23:21:03,441:__main__:INFO:Ad details fetched from BinanceAPI for advNo 11515582400296718336: {'code': '000000', 'message': 'success', 'data': {'advNo': '11515582400296718336', 'classify': 'profession', 'tradeType': 'SELL', 'asset': 'USDT', 'fiatUnit': 'MXN', 'advStatus': 1, 'priceType': 2, 'priceFloatingRatio': '101.72000000', 'rateFloatingRatio': '0.00000000', 'price': '18.52', 'initAmount': '248320.80000000', 'surplusAmount': '1428.53000000', 'maxSingleTransAmount': '55631', 'minSingleTransAmount': '2000', 'buyerKycLimit': 1, 'buyerRegDaysLimit': -1, 'buyerBtcPositionLimit': '-1.00000000', 'remarks': 'Muchas gracias por su preferencia, haremos el intercambio lo más rápido posible buscando siempre su satisfacción \n\nNO BANCOPPEL\nNO TERCEROS\nNO EFECTIVO\nNO STP\nNO TERCEROS\nNO EMPRESA (PERSONA MORAL)\nNO STP\nNO ALBO\nNO OXXO SPIN\nNO NVIO (BITSO)\nNO BANCO AZTECA\nNO MERCADOPAGO\n\nEn concepto/referencia: Pago, pago de servicios.\n\n¿Le han ofrecido un trabajo, una oportunidad de inversión o una gran oferta que requiere invertir a través de Bitcoin, USDT, o alguna cripto? Lo más probable es que esté siendo víctima de un fraude. Recuerda practicar el sentido común. Si tiene alguna pregunta, comuníquese directamente con servicio al cliente quien le dirá que no recomendamos ni trabajamos con un tercero de ningún tipo.', 'autoReplyMsg': '¿Le han ofrecido un trabajo, una oportunidad de inversión o una gran oferta que requiere invertir a través de Bitcoin, USDT, o alguna cripto? Lo más probable es que esté siendo víctima de un fraude. Recuerda practicar el sentido común. Si tiene alguna pregunta, comuníquese directamente con servicio al cliente de Binance, quien le dirá que no recomendamos ni trabajamos con un tercero de ningún tipo.', 'payTimeLimit': 15, 'tradeMethods': [{'payId': 34391394, 'payType': 'BBVABank', 'identifier': 'BBVABank', 'iconUrlColor': 'https://static.devfdg.net/image/admin_mgs_image_upload/20200623/287de930-9aa0-412c-90be-d4edc5118b82.png', 'tradeMethodName': 'BBVA'}, {'payId': 35049917, 'payType': 'BANK', 'payAccount': '710969000016348705', 'payBank': 'NVIO', 'paySubBank': 'NO SE ACEPTA BANCO AZTECA ', 'identifier': 'BANK', 'iconUrlColor': 'https://static.devfdg.net/image/admin_mgs_image_upload/20200612/8b6fcda1-1285-486b-ad79-07156420459d.png', 'tradeMethodName': 'Bank Transfer'}, {'payId': 35049989, 'payType': 'Banorte', 'identifier': 'Banorte', 'iconUrlColor': 'https://static.devfdg.net/image/admin_mgs_image_upload/20220721/557b13b3-8bb6-4f57-8091-5dcdea3201fa.png', 'tradeMethodName': 'Banorte'}, {'payId': 35050001, 'payType': 'SantanderMexico', 'identifier': 'SantanderMexico', 'iconUrlColor': 'https://static.devfdg.net/image/admin_mgs_image_upload/20220721/64f8bb07-1c45-4356-a94f-b1e21a75fddf.png', 'tradeMethodName': 'Santander Mexico'}, {'payId': 35297477, 'payType': 'CitiBanamex', 'identifier': 'CitiBanamex', 'iconUrlColor': 'https://static.devfdg.net/image/admin_mgs_image_upload/20210826/a606af00-428c-44b8-ab4e-c263cbc08026.png', 'tradeMethodName': 'Citibanamex'}], 'createTime': 1689918427000, 'advUpdateTime': 1696913717000, 'userTradeCountFilterTime': 1, 'userBuyTradeCountMin': -1, 'userBuyTradeCountMax': 1000000, 'userSellTradeCountMin': -1, 'userSellTradeCountMax': 1000000, 'userAllTradeCountMin': 2, 'userAllTradeCountMax': 1000000, 'userTradeCompleteCountMin': -1, 'userTradeCompleteRateMin': '-1.00000000', 'userTradeVolumeMin': '-1.00000000', 'userTradeVolumeMax': '1000000.00000000', 'tradableQuantity': '1426.24800319', 'commissionRate': '0.0016', 'tradeMethodCommissionRateVoList': [{'tradeMethodIdentifier': 'BANK', 'tradeMethodName': 'Bank Transfer', 'commissionRate': '0.0016'}, {'tradeMethodIdentifier': 'Banorte', 'tradeMethodName': 'Banorte', 'commissionRate': '0.0016'}, {'tradeMethodIdentifier': 'BBVABank', 'tradeMethodName': 'BBVA', 'commissionRate': '0.0016'}, {'tradeMethodIdentifier': 'CitiBanamex', 'tradeMethodName': 'Citibanamex', 'commissionRate': '0.0016'}, {'tradeMethodIdentifier': 'SantanderMexico', 'tradeMethodName': 'Santander Mexico', 'commissionRate': '0.0016'}], 'assetLogo': 'https://bin.bnbstatic.com/images/20191212/ec1e0b6e-06f7-4963-b454-6f631a49b4d1.png', 'assetScale': 2, 'fiatScale': 2, 'priceScale': 2, 'fiatSymbol': 'Mex$'}, 'success': True}
2023-10-09 23:21:03,441:ads_database:INFO:Attempting to update 11515582400296718336 with price: 18.52, floating_ratio: 101.72000000, asset_type: USDT, target_spot: 1
2023-10-09 23:21:03,441:ads_database:INFO:Updated ad 11515582400296718336 successfully.
2023-10-09 23:21:04,089:ads_database:INFO:Attempting to update 11531141756952866816 with price: 513318.72, floating_ratio: 101.96000000, asset_type: BTC, target_spot: 1
2023-10-09 23:21:04,098:ads_database:INFO:Updated ad 11531141756952866816 successfully.
2023-10-09 23:21:04,712:ads_database:INFO:Attempting to update 11519225605560729600 with price: 18.64, floating_ratio: 102.37000000, asset_type: USDT, target_spot: 3
2023-10-09 23:21:04,736:ads_database:INFO:Updated ad 11519225605560729600 successfully.
2023-10-09 23:23:03,858:ads_database:INFO:Attempting to update 11531824717949116416 with price: 517272.76, floating_ratio: 102.71000000, asset_type: BTC, target_spot: 2
2023-10-09 23:23:03,858:ads_database:INFO:Updated ad 11531824717949116416 successfully.
2023-10-09 23:23:04,730:ads_database:INFO:Attempting to update 11515582400296718336 with price: 18.53, floating_ratio: 101.72000000, asset_type: USDT, target_spot: 1
2023-10-09 23:23:04,752:ads_database:INFO:Updated ad 11515582400296718336 successfully.
2023-10-09 23:23:05,357:ads_database:INFO:Attempting to update 11531141756952866816 with price: 513495.58, floating_ratio: 101.96000000, asset_type: BTC, target_spot: 1
2023-10-09 23:23:05,372:ads_database:INFO:Updated ad 11531141756952866816 successfully.
2023-10-09 23:23:05,965:ads_database:INFO:Attempting to update 11519225605560729600 with price: 18.65, floating_ratio: 102.37000000, asset_type: USDT, target_spot: 3
2023-10-09 23:23:05,983:ads_database:INFO:Updated ad 11519225605560729600 successfully.
2023-10-09 23:24:31,110:binance_update_ads:INFO:BTC - start price: 517272.76, ratio: 102.71
2023-10-09 23:24:31,110:binance_update_ads:INFO:Competitor - spot: 2, price: 516316.0, base: 503624.54
2023-10-09 23:24:31,110:binance_api:INFO:Updating ad: 11531824717949116416 with rate: 102.49
2023-10-09 23:24:35,045:binance_update_ads:WARNING:Ad with advNo: 11515582400296718336 not found in the returned list. Fetching from database.
2023-10-09 23:24:35,060:binance_update_ads:INFO:All competitor ads: [('11406493185912725504', '18.39'), ('11540828016681668608', '18.40'), ('11500216736355639296', '18.43'), ('11536103220353323008', '18.48'), ('11544809212323266560', '18.52'), ('11526795333544919040', '18.60'), ('11519225605560729600', '18.65'), ('11541896950333083648', '18.66'), ('11491564396171829248', '18.78'), ('11517253978958217216', '18.83')]
2023-10-09 23:24:35,060:binance_update_ads:INFO:Top ads after filter_ads: [('11536103220353323008', '18.48'), ('11544809212323266560', '18.52'), ('11526795333544919040', '18.60'), ('11541896950333083648', '18.66')]
2023-10-09 23:24:35,060:binance_update_ads:INFO:Med price: 18.560000000000002
2023-10-09 23:24:35,065:binance_update_ads:INFO:Filtered ads after removing ads <= med_price: [('11526795333544919040', '18.60'), ('11541896950333083648', '18.66'), ('11491564396171829248', '18.78'), ('11517253978958217216', '18.83')]
2023-10-09 23:24:35,065:binance_update_ads:INFO:Top filtered ads: [('11526795333544919040', '18.60'), ('11541896950333083648', '18.66'), ('11491564396171829248', '18.78'), ('11517253978958217216', '18.83')]
2023-10-09 23:24:35,065:binance_update_ads:INFO:comp ad: ('11526795333544919040', '18.60')
2023-10-09 23:24:35,065:binance_update_ads:INFO:USDT - start price: 18.53, ratio: 101.72
2023-10-09 23:24:35,066:binance_update_ads:INFO:Competitor - spot: 1, price: 18.6, base: 18.22
2023-10-09 23:24:35,066:binance_api:INFO:Updating ad: 11515582400296718336 with rate: 102.09
2023-10-09 23:24:37,897:binance_update_ads:INFO:All competitor ads: [('11406493185912725504', '18.39'), ('11540828016681668608', '18.40'), ('11500216736355639296', '18.43'), ('11536103220353323008', '18.48'), ('11544809212323266560', '18.52'), ('11526795333544919040', '18.60'), ('11519225605560729600', '18.65'), ('11541896950333083648', '18.66'), ('11491564396171829248', '18.78'), ('11517253978958217216', '18.83')]
2023-10-09 23:24:37,897:binance_update_ads:INFO:Top ads after filter_ads: [('11536103220353323008', '18.48'), ('11544809212323266560', '18.52'), ('11526795333544919040', '18.60'), ('11541896950333083648', '18.66')]
2023-10-09 23:24:37,897:binance_update_ads:INFO:Med price: 18.560000000000002
2023-10-09 23:24:37,897:binance_update_ads:INFO:Filtered ads after removing ads <= med_price: [('11526795333544919040', '18.60'), ('11541896950333083648', '18.66'), ('11491564396171829248', '18.78'), ('11517253978958217216', '18.83')]
2023-10-09 23:24:37,897:binance_update_ads:INFO:Top filtered ads: [('11526795333544919040', '18.60'), ('11541896950333083648', '18.66'), ('11491564396171829248', '18.78'), ('11517253978958217216', '18.83')]
2023-10-09 23:24:37,897:binance_update_ads:INFO:comp ad: ('11541896950333083648', '18.66')
2023-10-09 23:25:28,939:binance_update_ads:INFO:BTC - start price: 513495.58, ratio: 101.96
2023-10-09 23:25:28,939:binance_update_ads:INFO:Competitor - spot: 1, price: 513933.45, base: 503624.54
2023-10-09 23:25:28,939:binance_api:INFO:Updating ad: 11531141756952866816 with rate: 102.04
2023-10-09 23:25:32,164:binance_update_ads:INFO:BTC - start price: 516458.67, ratio: 102.49
2023-10-09 23:25:32,164:binance_update_ads:INFO:Competitor - spot: 2, price: 516316.0, base: 503911.28
2023-10-09 23:25:32,164:binance_api:INFO:Updating ad: 11531824717949116416 with rate: 102.43
2023-10-09 23:25:36,115:binance_update_ads:WARNING:Ad with advNo: 11515582400296718336 not found in the returned list. Fetching from database.
2023-10-09 23:25:36,125:binance_update_ads:INFO:All competitor ads: [('11406493185912725504', '18.39'), ('11540828016681668608', '18.40'), ('11500216736355639296', '18.43'), ('11536103220353323008', '18.48'), ('11544809212323266560', '18.52'), ('11526795333544919040', '18.60'), ('11519225605560729600', '18.65'), ('11541896950333083648', '18.66'), ('11491564396171829248', '18.78'), ('11517253978958217216', '18.83')]
2023-10-09 23:25:36,125:binance_update_ads:INFO:Top ads after filter_ads: [('11544809212323266560', '18.52'), ('11526795333544919040', '18.60'), ('11541896950333083648', '18.66'), ('11491564396171829248', '18.78')]
2023-10-09 23:25:36,125:binance_update_ads:INFO:Med price: 18.630000000000003
2023-10-09 23:25:36,125:binance_update_ads:INFO:Filtered ads after removing ads <= med_price: [('11541896950333083648', '18.66'), ('11491564396171829248', '18.78'), ('11517253978958217216', '18.83')]
2023-10-09 23:25:36,125:binance_update_ads:INFO:Top filtered ads: [('11541896950333083648', '18.66'), ('11491564396171829248', '18.78'), ('11517253978958217216', '18.83')]
2023-10-09 23:25:36,125:binance_update_ads:INFO:comp ad: ('11526795333544919040', '18.60')
2023-10-09 23:25:36,125:binance_update_ads:INFO:USDT - start price: 18.61, ratio: 102.09
2023-10-09 23:25:36,125:binance_update_ads:INFO:Competitor - spot: 2, price: 18.6, base: 18.23
2023-10-09 23:25:36,125:binance_api:INFO:Updating ad: 11515582400296718336 with rate: 102.01
2023-10-09 23:25:39,070:binance_update_ads:INFO:All competitor ads: [('11406493185912725504', '18.39'), ('11540828016681668608', '18.40'), ('11500216736355639296', '18.43'), ('11536103220353323008', '18.48'), ('11544809212323266560', '18.52'), ('11526795333544919040', '18.60'), ('11519225605560729600', '18.65'), ('11541896950333083648', '18.66'), ('11491564396171829248', '18.78'), ('11517253978958217216', '18.83')]
2023-10-09 23:25:39,070:binance_update_ads:INFO:Top ads after filter_ads: [('11536103220353323008', '18.48'), ('11544809212323266560', '18.52'), ('11526795333544919040', '18.60'), ('11541896950333083648', '18.66')]
2023-10-09 23:25:39,070:binance_update_ads:INFO:Med price: 18.560000000000002
2023-10-09 23:25:39,070:binance_update_ads:INFO:Filtered ads after removing ads <= med_price: [('11526795333544919040', '18.60'), ('11541896950333083648', '18.66'), ('11491564396171829248', '18.78'), ('11517253978958217216', '18.83')]
2023-10-09 23:25:39,070:binance_update_ads:INFO:Top filtered ads: [('11526795333544919040', '18.60'), ('11541896950333083648', '18.66'), ('11491564396171829248', '18.78'), ('11517253978958217216', '18.83')]
2023-10-09 23:25:39,070:binance_update_ads:INFO:comp ad: ('11541896950333083648', '18.66')
2023-10-09 23:50:35,906:binance_update_ads:INFO:BTC - start price: 513999.23, ratio: 102.04
2023-10-09 23:50:35,906:binance_update_ads:INFO:Competitor - spot: 1, price: 513852.23, base: 503723.28
2023-10-09 23:50:35,906:binance_api:INFO:Updating ad: 11531141756952866816 with rate: 101.98
2023-10-09 23:50:42,260:binance_update_ads:WARNING:Ad with advNo: 11515582400296718336 not found in the returned list. Fetching from database.
2023-10-09 23:50:42,260:binance_update_ads:INFO:All competitor ads: [('11406493185912725504', '18.39'), ('11540828016681668608', '18.40'), ('11500216736355639296', '18.43'), ('11536103220353323008', '18.48'), ('11544809212323266560', '18.52'), ('11526795333544919040', '18.60'), ('11519225605560729600', '18.66'), ('11541896950333083648', '18.67'), ('11491564396171829248', '18.78'), ('11517253978958217216', '18.83')]
2023-10-09 23:50:42,260:binance_update_ads:INFO:Top ads after filter_ads: [('11544809212323266560', '18.52'), ('11526795333544919040', '18.60'), ('11541896950333083648', '18.67'), ('11491564396171829248', '18.78')]
2023-10-09 23:50:42,260:binance_update_ads:INFO:Med price: 18.635
2023-10-09 23:50:42,260:binance_update_ads:INFO:Filtered ads after removing ads <= med_price: [('11541896950333083648', '18.67'), ('11491564396171829248', '18.78'), ('11517253978958217216', '18.83')]
2023-10-09 23:50:42,274:binance_update_ads:INFO:Top filtered ads: [('11541896950333083648', '18.67'), ('11491564396171829248', '18.78'), ('11517253978958217216', '18.83')]
2023-10-09 23:50:42,274:binance_update_ads:INFO:comp ad: ('11526795333544919040', '18.60')
2023-10-09 23:50:42,274:binance_update_ads:INFO:USDT - start price: 18.61, ratio: 102.01
2023-10-09 23:50:42,274:binance_update_ads:INFO:Competitor - spot: 2, price: 18.6, base: 18.24
2023-10-09 23:50:42,274:binance_api:INFO:Updating ad: 11515582400296718336 with rate: 101.93
2023-10-09 23:50:45,505:binance_update_ads:INFO:All competitor ads: [('11406493185912725504', '18.39'), ('11540828016681668608', '18.40'), ('11500216736355639296', '18.43'), ('11536103220353323008', '18.48'), ('11544809212323266560', '18.52'), ('11526795333544919040', '18.60'), ('11519225605560729600', '18.66'), ('11541896950333083648', '18.67'), ('11491564396171829248', '18.78'), ('11517253978958217216', '18.83')]
2023-10-09 23:50:45,505:binance_update_ads:INFO:Top ads after filter_ads: [('11544809212323266560', '18.52'), ('11526795333544919040', '18.60'), ('11541896950333083648', '18.67'), ('11491564396171829248', '18.78')]
2023-10-09 23:50:45,506:binance_update_ads:INFO:Med price: 18.635
2023-10-09 23:50:45,506:binance_update_ads:INFO:Filtered ads after removing ads <= med_price: [('11541896950333083648', '18.67'), ('11491564396171829248', '18.78'), ('11517253978958217216', '18.83')]
2023-10-09 23:50:45,506:binance_update_ads:INFO:Top filtered ads: [('11541896950333083648', '18.67'), ('11491564396171829248', '18.78'), ('11517253978958217216', '18.83')]
2023-10-09 23:50:45,506:binance_update_ads:INFO:comp ad: ('11541896950333083648', '18.67')
2023-10-09 23:57:41,805:binance_update_ads:WARNING:Ad with advNo: 11515582400296718336 not found in the returned list. Fetching from database.
2023-10-09 23:57:41,809:binance_update_ads:INFO:All competitor ads: [('11406493185912725504', '18.39'), ('11540828016681668608', '18.40'), ('11500216736355639296', '18.43'), ('11536103220353323008', '18.48'), ('11544809212323266560', '18.52'), ('11526795333544919040', '18.60'), ('11519225605560729600', '18.66'), ('11541896950333083648', '18.67'), ('11491564396171829248', '18.78'), ('11517253978958217216', '18.83')]
2023-10-09 23:57:41,810:binance_update_ads:INFO:Top ads after filter_ads: [('11544809212323266560', '18.52'), ('11526795333544919040', '18.60'), ('11541896950333083648', '18.67'), ('11491564396171829248', '18.78')]
2023-10-09 23:57:41,810:binance_update_ads:INFO:Med price: 18.635
2023-10-09 23:57:41,810:binance_update_ads:INFO:Filtered ads after removing ads <= med_price: [('11541896950333083648', '18.67'), ('11491564396171829248', '18.78'), ('11517253978958217216', '18.83')]
2023-10-09 23:57:41,810:binance_update_ads:INFO:Top filtered ads: [('11541896950333083648', '18.67'), ('11491564396171829248', '18.78'), ('11517253978958217216', '18.83')]
2023-10-09 23:57:41,810:binance_update_ads:INFO:comp ad: ('11526795333544919040', '18.60')
2023-10-09 23:57:41,811:binance_update_ads:INFO:USDT - start price: 18.61, ratio: 101.93
2023-10-09 23:57:41,811:binance_update_ads:INFO:Competitor - spot: 2, price: 18.6, base: 18.26
2023-10-09 23:57:41,811:binance_api:INFO:Updating ad: 11515582400296718336 with rate: 101.85
2023-10-09 23:57:44,979:binance_update_ads:INFO:All competitor ads: [('11406493185912725504', '18.39'), ('11540828016681668608', '18.40'), ('11500216736355639296', '18.43'), ('11536103220353323008', '18.48'), ('11544809212323266560', '18.52'), ('11526795333544919040', '18.60'), ('11519225605560729600', '18.66'), ('11541896950333083648', '18.67'), ('11491564396171829248', '18.78'), ('11517253978958217216', '18.83')]
2023-10-09 23:57:44,979:binance_update_ads:INFO:Top ads after filter_ads: [('11544809212323266560', '18.52'), ('11526795333544919040', '18.60'), ('11541896950333083648', '18.67'), ('11491564396171829248', '18.78')]
2023-10-09 23:57:44,979:binance_update_ads:INFO:Med price: 18.635
2023-10-09 23:57:44,979:binance_update_ads:INFO:Filtered ads after removing ads <= med_price: [('11541896950333083648', '18.67'), ('11491564396171829248', '18.78'), ('11517253978958217216', '18.83')]
2023-10-09 23:57:44,979:binance_update_ads:INFO:Top filtered ads: [('11541896950333083648', '18.67'), ('11491564396171829248', '18.78'), ('11517253978958217216', '18.83')]
2023-10-09 23:57:44,980:binance_update_ads:INFO:comp ad: ('11541896950333083648', '18.67')
2023-10-09 23:58:50,465:binance_update_ads:INFO:BTC - start price: 516568.66, ratio: 102.43
2023-10-09 23:58:50,465:binance_update_ads:INFO:Competitor - spot: 2, price: 516316.0, base: 504313.83
2023-10-09 23:58:50,465:binance_api:INFO:Updating ad: 11531824717949116416 with rate: 102.35
2023-10-09 23:58:54,536:binance_update_ads:WARNING:Ad with advNo: 11515582400296718336 not found in the returned list. Fetching from database.
2023-10-09 23:58:54,542:binance_update_ads:INFO:All competitor ads: [('11406493185912725504', '18.39'), ('11540828016681668608', '18.40'), ('11500216736355639296', '18.43'), ('11536103220353323008', '18.48'), ('11544809212323266560', '18.52'), ('11526795333544919040', '18.60'), ('11519225605560729600', '18.66'), ('11541896950333083648', '18.67'), ('11491564396171829248', '18.78'), ('11517253978958217216', '18.83')]
2023-10-09 23:58:54,543:binance_update_ads:INFO:Top ads after filter_ads: [('11544809212323266560', '18.52'), ('11526795333544919040', '18.60'), ('11541896950333083648', '18.67'), ('11491564396171829248', '18.78')]
2023-10-09 23:58:54,543:binance_update_ads:INFO:Med price: 18.635
2023-10-09 23:58:54,543:binance_update_ads:INFO:Filtered ads after removing ads <= med_price: [('11541896950333083648', '18.67'), ('11491564396171829248', '18.78'), ('11517253978958217216', '18.83')]
2023-10-09 23:58:54,543:binance_update_ads:INFO:Top filtered ads: [('11541896950333083648', '18.67'), ('11491564396171829248', '18.78'), ('11517253978958217216', '18.83')]
2023-10-09 23:58:54,544:binance_update_ads:INFO:comp ad: ('11526795333544919040', '18.60')
2023-10-09 23:58:54,544:binance_update_ads:INFO:USDT - start price: 18.57, ratio: 101.85
2023-10-09 23:58:54,544:binance_update_ads:INFO:Competitor - spot: 2, price: 18.6, base: 18.23
2023-10-09 23:58:54,544:binance_api:INFO:Updating ad: 11515582400296718336 with rate: 102.0
2023-10-09 23:58:57,389:binance_update_ads:INFO:All competitor ads: [('11406493185912725504', '18.39'), ('11540828016681668608', '18.40'), ('11500216736355639296', '18.43'), ('11536103220353323008', '18.48'), ('11544809212323266560', '18.52'), ('11526795333544919040', '18.60'), ('11519225605560729600', '18.66'), ('11541896950333083648', '18.67'), ('11491564396171829248', '18.78'), ('11517253978958217216', '18.83')]
2023-10-09 23:58:57,389:binance_update_ads:INFO:Top ads after filter_ads: [('11544809212323266560', '18.52'), ('11526795333544919040', '18.60'), ('11541896950333083648', '18.67'), ('11491564396171829248', '18.78')]
2023-10-09 23:58:57,389:binance_update_ads:INFO:Med price: 18.635
2023-10-09 23:58:57,389:binance_update_ads:INFO:Filtered ads after removing ads <= med_price: [('11541896950333083648', '18.67'), ('11491564396171829248', '18.78'), ('11517253978958217216', '18.83')]
2023-10-09 23:58:57,390:binance_update_ads:INFO:Top filtered ads: [('11541896950333083648', '18.67'), ('11491564396171829248', '18.78'), ('11517253978958217216', '18.83')]
2023-10-09 23:58:57,390:binance_update_ads:INFO:comp ad: ('11541896950333083648', '18.67')
